<?xml version="1.0" encoding="UTF-8"?>
<!-- Generated by org.testng.reporters.JUnitReportReporter -->
<testsuite skipped="0" hostname="LAPTOP-2GS1M8V7" name="com.test.AddUserPageTest" tests="1" failures="0" timestamp="2021-07-01T11:47:57 IST" time="5.686" errors="0">
  <testcase name="verifyWithFillErrorShow" time="5.686" classname="com.test.AddUserPageTest"/>
  <system-out/>
</testsuite> <!-- com.test.AddUserPageTest -->
