<?xml version="1.0" encoding="UTF-8"?>
<!-- Generated by org.testng.reporters.JUnitReportReporter -->
<testsuite skipped="0" hostname="LAPTOP-2GS1M8V7" name="com.test.DashboardPageTest" tests="1" failures="0" timestamp="2021-07-08T16:22:27 IST" time="3.310" errors="0">
  <testcase name="verify_CoursesWithExcel" time="3.310" classname="com.test.DashboardPageTest"/>
  <system-out/>
</testsuite> <!-- com.test.DashboardPageTest -->
