<?xml version="1.0" encoding="UTF-8"?>
<!-- Generated by org.testng.reporters.JUnitReportReporter -->
<testsuite skipped="0" hostname="LAPTOP-2GS1M8V7" name="com.test.UserPageTest" tests="1" failures="0" timestamp="2021-07-15T15:15:59 IST" time="5.061" errors="0">
  <testcase name="verifyMaleFemale" time="5.061" classname="com.test.UserPageTest"/>
  <system-out/>
</testsuite> <!-- com.test.UserPageTest -->
