<?xml version="1.0" encoding="UTF-8"?>
<!-- Generated by org.testng.reporters.JUnitReportReporter -->
<testsuite skipped="0" hostname="LAPTOP-T3OKUA0F" name="com.test.LoginPageTest" tests="1" failures="0" timestamp="2021-07-28T21:11:19 PDT" time="3.720" errors="0">
  <testcase name="verify_Without_Fill_EmailPass" time="3.720" classname="com.test.LoginPageTest"/>
  <system-out/>
</testsuite> <!-- com.test.LoginPageTest -->
